<?xml version="1.0" encoding="UTF-8"?>
<testng-results ignored="0" total="2" passed="2" failed="0" skipped="0">
  <reporter-output>
  </reporter-output>
  <suite started-at="2024-11-17T17:15:53 IST" name="Suite" finished-at="2024-11-17T17:16:11 IST" duration-ms="17957">
    <groups>
    </groups>
    <test started-at="2024-11-17T17:15:53 IST" name="Test" finished-at="2024-11-17T17:16:11 IST" duration-ms="17957">
      <class name="testCases.AllureReportGeneration">
        <test-method is-config="true" signature="beforeMethod()[pri:0, instance:testCases.AllureReportGeneration@4d411036]" started-at="2024-11-17T17:15:53 IST" name="beforeMethod" finished-at="2024-11-17T17:15:54 IST" duration-ms="795" status="PASS">
          <reporter-output>
          </reporter-output>
        </test-method> <!-- beforeMethod -->
        <test-method signature="e2eAPIRequest()[pri:0, instance:testCases.AllureReportGeneration@4d411036]" started-at="2024-11-17T17:15:54 IST" name="e2eAPIRequest" description="end to end api testing" finished-at="2024-11-17T17:16:07 IST" duration-ms="13266" status="PASS">
          <reporter-output>
          </reporter-output>
        </test-method> <!-- e2eAPIRequest -->
        <test-method is-config="true" signature="afterMethod(org.testng.ITestResult)[pri:0, instance:testCases.AllureReportGeneration@4d411036]" started-at="2024-11-17T17:16:07 IST" name="afterMethod" finished-at="2024-11-17T17:16:07 IST" duration-ms="5" status="PASS">
          <params>
            <param index="0">
              <value>
                <![CDATA[[TestResult name=e2eAPIRequest status=SUCCESS method=AllureReportGeneration.e2eAPIRequest()[pri:0, instance:testCases.AllureReportGeneration@4d411036] output={null}]]]>
              </value>
            </param>
          </params>
          <reporter-output>
          </reporter-output>
        </test-method> <!-- afterMethod -->
        <test-method is-config="true" signature="beforeMethod()[pri:0, instance:testCases.AllureReportGeneration@4d411036]" started-at="2024-11-17T17:16:07 IST" name="beforeMethod" finished-at="2024-11-17T17:16:07 IST" duration-ms="2" status="PASS">
          <reporter-output>
          </reporter-output>
        </test-method> <!-- beforeMethod -->
        <test-method signature="e2eAPITest2()[pri:0, instance:testCases.AllureReportGeneration@4d411036]" started-at="2024-11-17T17:16:07 IST" name="e2eAPITest2" description="e2eAPITest2" finished-at="2024-11-17T17:16:11 IST" duration-ms="3617" status="PASS">
          <reporter-output>
          </reporter-output>
        </test-method> <!-- e2eAPITest2 -->
        <test-method is-config="true" signature="afterMethod(org.testng.ITestResult)[pri:0, instance:testCases.AllureReportGeneration@4d411036]" started-at="2024-11-17T17:16:11 IST" name="afterMethod" finished-at="2024-11-17T17:16:11 IST" duration-ms="0" status="PASS">
          <params>
            <param index="0">
              <value>
                <![CDATA[[TestResult name=e2eAPITest2 status=SUCCESS method=AllureReportGeneration.e2eAPITest2()[pri:0, instance:testCases.AllureReportGeneration@4d411036] output={null}]]]>
              </value>
            </param>
          </params>
          <reporter-output>
          </reporter-output>
        </test-method> <!-- afterMethod -->
      </class> <!-- testCases.AllureReportGeneration -->
    </test> <!-- Test -->
  </suite> <!-- Suite -->
</testng-results>
