<?xml version="1.0" encoding="UTF-8"?>
<testng-results ignored="0" total="2" passed="2" failed="0" skipped="0">
  <reporter-output>
  </reporter-output>
  <suite started-at="2024-04-16T12:51:34 IST" name="Default suite" finished-at="2024-04-16T12:51:51 IST" duration-ms="16647">
    <groups>
    </groups>
    <test started-at="2024-04-16T12:51:34 IST" name="Default test" finished-at="2024-04-16T12:51:51 IST" duration-ms="16647">
      <class name="com.testautomation.apitesting.tests.AllureReportGeneration">
        <test-method is-config="true" signature="beforeMethod()[pri:0, instance:com.testautomation.apitesting.tests.AllureReportGeneration@192f2f27]" started-at="2024-04-16T12:51:34 IST" name="beforeMethod" finished-at="2024-04-16T12:51:34 IST" duration-ms="30" status="PASS">
          <reporter-output>
          </reporter-output>
        </test-method> <!-- beforeMethod -->
        <test-method signature="e2eAPIRequest()[pri:0, instance:com.testautomation.apitesting.tests.AllureReportGeneration@192f2f27]" started-at="2024-04-16T12:51:35 IST" name="e2eAPIRequest" description="end to end api testing" finished-at="2024-04-16T12:51:48 IST" duration-ms="13853" status="PASS">
          <reporter-output>
          </reporter-output>
        </test-method> <!-- e2eAPIRequest -->
        <test-method is-config="true" signature="afterMethod(org.testng.ITestResult)[pri:0, instance:com.testautomation.apitesting.tests.AllureReportGeneration@192f2f27]" started-at="2024-04-16T12:51:48 IST" name="afterMethod" finished-at="2024-04-16T12:51:48 IST" duration-ms="3" status="PASS">
          <params>
            <param index="0">
              <value>
                <![CDATA[[TestResult name=e2eAPIRequest status=SUCCESS method=AllureReportGeneration.e2eAPIRequest()[pri:0, instance:com.testautomation.apitesting.tests.AllureReportGeneration@192f2f27] output={null}]]]>
              </value>
            </param>
          </params>
          <reporter-output>
          </reporter-output>
        </test-method> <!-- afterMethod -->
        <test-method is-config="true" signature="beforeMethod()[pri:0, instance:com.testautomation.apitesting.tests.AllureReportGeneration@192f2f27]" started-at="2024-04-16T12:51:48 IST" name="beforeMethod" finished-at="2024-04-16T12:51:48 IST" duration-ms="0" status="PASS">
          <reporter-output>
          </reporter-output>
        </test-method> <!-- beforeMethod -->
        <test-method signature="e2eAPITest2()[pri:0, instance:com.testautomation.apitesting.tests.AllureReportGeneration@192f2f27]" started-at="2024-04-16T12:51:48 IST" name="e2eAPITest2" description="e2eAPITest2" finished-at="2024-04-16T12:51:51 IST" duration-ms="2434" status="PASS">
          <reporter-output>
          </reporter-output>
        </test-method> <!-- e2eAPITest2 -->
        <test-method is-config="true" signature="afterMethod(org.testng.ITestResult)[pri:0, instance:com.testautomation.apitesting.tests.AllureReportGeneration@192f2f27]" started-at="2024-04-16T12:51:51 IST" name="afterMethod" finished-at="2024-04-16T12:51:51 IST" duration-ms="1" status="PASS">
          <params>
            <param index="0">
              <value>
                <![CDATA[[TestResult name=e2eAPITest2 status=SUCCESS method=AllureReportGeneration.e2eAPITest2()[pri:0, instance:com.testautomation.apitesting.tests.AllureReportGeneration@192f2f27] output={null}]]]>
              </value>
            </param>
          </params>
          <reporter-output>
          </reporter-output>
        </test-method> <!-- afterMethod -->
      </class> <!-- com.testautomation.apitesting.tests.AllureReportGeneration -->
    </test> <!-- Default test -->
  </suite> <!-- Default suite -->
</testng-results>
